{
  "RSpec": {
    "coverage": {
      "/home/rob/Projects/alliants-back-end/spec/checkout_spec.rb": [
        null,
        1,
        null,
        1,
        6,
        6,
        6,
        6,
        null,
        null,
        6,
        null,
        null,
        1,
        1,
        1,
        null,
        1,
        null,
        null,
        1,
        1,
        1,
        null,
        null,
        null,
        1,
        2,
        null,
        1,
        2,
        null,
        null,
        1,
        1,
        1,
        null,
        null,
        null,
        1,
        1,
        6,
        1,
        1,
        null,
        null,
        null,
        null
      ],
      "/home/rob/Projects/alliants-back-end/lib/checkout.rb": [
        null,
        1,
        1,
        null,
        1,
        1,
        null,
        null,
        null,
        1,
        null,
        1,
        null,
        8,
        8,
        8,
        null,
        null,
        1,
        17,
        null,
        null,
        1,
        4,
        null,
        null,
        1,
        null,
        1,
        15,
        null,
        null,
        1,
        17,
        null,
        null,
        null
      ],
      "/home/rob/Projects/alliants-back-end/lib/total_calculator.rb": [
        null,
        1,
        null,
        1,
        1,
        4,
        4,
        4,
        null,
        null,
        1,
        4,
        4,
        null,
        null,
        1,
        null,
        1,
        4,
        9,
        null,
        null,
        null,
        1,
        4,
        4,
        null,
        null,
        null
      ],
      "/home/rob/Projects/alliants-back-end/lib/price_calculator.rb": [
        null,
        1,
        null,
        1,
        6,
        6,
        null,
        null,
        1,
        11,
        null,
        null,
        1,
        null,
        1,
        11,
        null,
        null,
        1,
        8,
        null,
        null,
        null
      ],
      "/home/rob/Projects/alliants-back-end/lib/promotions.rb": [
        null,
        1,
        null,
        1,
        1,
        8,
        8,
        null,
        null,
        1,
        4,
        4,
        8,
        null,
        4,
        null,
        null,
        1,
        11,
        3,
        null,
        null,
        null,
        1,
        null,
        1,
        8,
        8,
        8,
        null,
        null,
        1,
        11,
        null,
        null,
        1,
        5,
        null,
        null,
        1,
        5,
        null,
        null,
        1,
        3,
        null,
        null,
        null
      ],
      "/home/rob/Projects/alliants-back-end/lib/promotions_parser.rb": [
        null,
        1,
        null,
        1,
        1,
        5,
        null,
        null,
        1,
        5,
        5,
        null,
        null,
        1,
        null,
        1,
        5,
        15,
        5,
        null,
        null,
        null
      ],
      "/home/rob/Projects/alliants-back-end/lib/promotions_validator.rb": [
        null,
        1,
        null,
        1,
        null,
        1,
        null,
        null,
        null,
        null,
        null,
        null,
        null,
        null,
        1,
        null,
        null,
        1,
        5,
        null,
        null,
        1,
        null,
        1,
        5,
        null,
        null,
        null
      ],
      "/home/rob/Projects/alliants-back-end/spec/feature_spec.rb": [
        null,
        1,
        null,
        1,
        4,
        null,
        1,
        1,
        1,
        1,
        1,
        null,
        null,
        1,
        1,
        1,
        1,
        1,
        null,
        null,
        1,
        1,
        1,
        1,
        1,
        1,
        null,
        null,
        null
      ],
      "/home/rob/Projects/alliants-back-end/spec/price_calculator_spec.rb": [
        null,
        1,
        null,
        1,
        4,
        4,
        1,
        1,
        1,
        1,
        null,
        null,
        1,
        1,
        1,
        null,
        null,
        1,
        1,
        1,
        null,
        null,
        null
      ],
      "/home/rob/Projects/alliants-back-end/spec/promotions_parser_spec.rb": [
        null,
        1,
        null,
        1,
        3,
        3,
        null,
        null,
        3,
        null,
        1,
        1,
        1,
        1,
        null,
        null,
        1,
        1,
        null,
        null,
        null,
        null
      ],
      "/home/rob/Projects/alliants-back-end/spec/promotions_spec.rb": [
        null,
        1,
        null,
        1,
        6,
        6,
        null,
        null,
        6,
        null,
        1,
        5,
        null,
        null,
        null,
        1,
        1,
        1,
        null,
        1,
        null,
        null,
        null,
        1,
        1,
        1,
        null,
        null,
        null,
        1,
        1,
        1,
        null,
        null,
        1,
        1,
        null,
        null,
        1,
        1,
        null,
        null,
        null,
        null
      ],
      "/home/rob/Projects/alliants-back-end/spec/promotions_validator_spec.rb": [
        null,
        1,
        null,
        1,
        5,
        null,
        1,
        1,
        1,
        1,
        1,
        null,
        null,
        1,
        1,
        1,
        1,
        1,
        null,
        null,
        null,
        null
      ],
      "/home/rob/Projects/alliants-back-end/spec/total_calculator_spec.rb": [
        null,
        1,
        null,
        1,
        2,
        2,
        2,
        2,
        2,
        2,
        null,
        2,
        null,
        null,
        1,
        1,
        null,
        1,
        null,
        1,
        null,
        null,
        null,
        1,
        1,
        1,
        null,
        null,
        null,
        null
      ]
    },
    "timestamp": 1453909185
  }
}
